SLF4J(W): Class path contains multiple SLF4J providers.
SLF4J(W): Found provider [ch.qos.logback.classic.spi.LogbackServiceProvider@7c30a502]
SLF4J(W): Found provider [org.slf4j.simple.SimpleServiceProvider@49e4cb85]
SLF4J(W): See https://www.slf4j.org/codes.html#multiple_bindings for an explanation.
SLF4J(I): Actual provider is of type [ch.qos.logback.classic.spi.LogbackServiceProvider@7c30a502]

  .   ____          _            __ _ _
 /\\ / ___'_ __ _ _(_)_ __  __ _ \ \ \ \
( ( )\___ | '_ | '_| | '_ \/ _` | \ \ \ \
 \\/  ___)| |_)| | | | | || (_| |  ) ) ) )
  '  |____| .__|_| |_|_| |_\__, | / / / /
 =========|_|==============|___/=/_/_/_/

 :: Spring Boot ::                (v3.3.1)

2026-01-29T19:54:27.964+01:00  INFO 88289 --- [           main] c.qoomon.banking.swift.ui.Application    : Starting Application using Java 17.0.14 with PID 88289 (/Users/paulbegley/Documents/opencode/banking-swift-messages-java/target/banking-swift-messages-0.0.0-SNAPSHOT.jar started by paulbegley in /Users/paulbegley/Documents/opencode/banking-swift-messages-java)
2026-01-29T19:54:27.968+01:00  INFO 88289 --- [           main] c.qoomon.banking.swift.ui.Application    : No active profile set, falling back to 1 default profile: "default"
2026-01-29T19:54:28.508+01:00  INFO 88289 --- [           main] o.s.b.w.embedded.tomcat.TomcatWebServer  : Tomcat initialized with port 8080 (http)
2026-01-29T19:54:28.513+01:00  INFO 88289 --- [           main] o.apache.catalina.core.StandardService   : Starting service [Tomcat]
2026-01-29T19:54:28.514+01:00  INFO 88289 --- [           main] o.apache.catalina.core.StandardEngine    : Starting Servlet engine: [Apache Tomcat/10.1.25]
2026-01-29T19:54:28.528+01:00  INFO 88289 --- [           main] o.a.c.c.C.[Tomcat].[localhost].[/]       : Initializing Spring embedded WebApplicationContext
2026-01-29T19:54:28.528+01:00  INFO 88289 --- [           main] w.s.c.ServletWebServerApplicationContext : Root WebApplicationContext: initialization completed in 503 ms
2026-01-29T19:54:28.703+01:00  INFO 88289 --- [           main] o.s.b.w.embedded.tomcat.TomcatWebServer  : Tomcat started on port 8080 (http) with context path '/'
2026-01-29T19:54:28.711+01:00  INFO 88289 --- [           main] c.qoomon.banking.swift.ui.Application    : Started Application in 0.926 seconds (process running for 1.171)
2026-01-29T19:54:32.543+01:00  INFO 88289 --- [nio-8080-exec-1] o.a.c.c.C.[Tomcat].[localhost].[/]       : Initializing Spring DispatcherServlet 'dispatcherServlet'
2026-01-29T19:54:32.543+01:00  INFO 88289 --- [nio-8080-exec-1] o.s.web.servlet.DispatcherServlet        : Initializing Servlet 'dispatcherServlet'
2026-01-29T19:54:32.544+01:00  INFO 88289 --- [nio-8080-exec-1] o.s.web.servlet.DispatcherServlet        : Completed initialization in 0 ms
2026-01-29T19:54:32.694+01:00  WARN 88289 --- [nio-8080-exec-1] actStandardFragmentInsertionTagProcessor : [THYMELEAF][http-nio-8080-exec-1][layout] Deprecated unwrapped fragment expression "${content} :: content" found in template layout, line 48, col 18. Please use the complete syntax of fragment expressions instead ("~{${content} :: content}"). The old, unwrapped syntax for fragment expressions will be removed in future versions of Thymeleaf.
2026-01-29T19:54:32.717+01:00 ERROR 88289 --- [nio-8080-exec-1] org.thymeleaf.TemplateEngine             : [THYMELEAF][http-nio-8080-exec-1] Exception processing template "home": Error resolving template [<body th:fragment="content">
    <div class="home-section">
        <div class="welcome-banner"
            style="background: linear-gradient(135deg, var(--card-bg) 0%, #1e3a8a 100%); padding: 3rem; border-radius: var(--radius); border: 1px solid var(--border-color); margin-bottom: 3rem; position: relative; overflow: hidden;">
            <div style="position: relative; z-index: 2;">
                <h2 style="font-size: 2.5rem; margin-bottom: 1rem;">SWIFT Banking Engine</h2>
                <p style="font-size: 1.1rem; color: #cbd5e1; max-width: 600px; line-height: 1.6;">
                    Professional-grade infrastructure for processing MT messages. Ensure precision, security, and
                    compliant message formatting across your financial operations.
                </p>
            </div>
            <i class="fas fa-shield-alt"
                style="position: absolute; right: -20px; bottom: -20px; font-size: 15rem; color: rgba(255,255,255,0.03); z-index: 1;"></i>
        </div>

        <div class="dashboard-grid"
            style="display: grid; grid-template-columns: repeat(auto-fit, minmax(280px, 1fr)); gap: 1.5rem;">
            <a href="/parser" style="text-decoration: none; color: inherit;">
                <div class="card action-card" style="height: 100%; transition: all 0.2s ease;">
                    <div
                        style="background: rgba(59, 130, 246, 0.1); width: 50px; height: 50px; border-radius: 12px; display: flex; align-items: center; justify-content: center; margin-bottom: 1.5rem;">
                        <i class="fas fa-terminal fa-lg" style="color: var(--primary-color);"></i>
                    </div>
                    <h3 style="margin-bottom: 0.75rem;">Message Parser</h3>
                    <p class="description" style="margin-bottom: 0; font-size: 0.9rem;">Deconstruct raw MT message
                        blocks into structured JSON-compatible field maps with real-time syntax checking.</p>
                </div>
            </a>

            <a href="/composer" style="text-decoration: none; color: inherit;">
                <div class="card action-card" style="height: 100%; transition: all 0.2s ease;">
                    <div
                        style="background: rgba(16, 185, 129, 0.1); width: 50px; height: 50px; border-radius: 12px; display: flex; align-items: center; justify-content: center; margin-bottom: 1.5rem;">
                        <i class="fas fa-pen-nib fa-lg" style="color: var(--success-color);"></i>
                    </div>
                    <h3 style="margin-bottom: 0.75rem;">Message Composer</h3>
                    <p class="description" style="margin-bottom: 0; font-size: 0.9rem;">Generate standard-compliant
                        MT940 and MT101 messages using a guided interface optimized for bankers.</p>
                </div>
            </a>

            <a href="/validator" style="text-decoration: none; color: inherit;">
                <div class="card action-card" style="height: 100%; transition: all 0.2s ease;">
                    <div
                        style="background: rgba(14, 165, 233, 0.1); width: 50px; height: 50px; border-radius: 12px; display: flex; align-items: center; justify-content: center; margin-bottom: 1.5rem;">
                        <i class="fas fa-shield-check fa-lg" style="color: var(--info-color);"></i>
                    </div>
                    <h3 style="margin-bottom: 0.75rem;">Validation Engine</h3>
                    <p class="description" style="margin-bottom: 0; font-size: 0.9rem;">High-precision validation for
                        ISO identifiers and SWIFT message blocks ensuring zero-error processing.</p>
                </div>
            </a>

            <a href="/documentation" style="text-decoration: none; color: inherit;">
                <div class="card action-card" style="height: 100%; transition: all 0.2s ease;">
                    <div
                        style="background: rgba(148, 163, 184, 0.1); width: 50px; height: 50px; border-radius: 12px; display: flex; align-items: center; justify-content: center; margin-bottom: 1.5rem;">
                        <i class="fas fa-book fa-lg" style="color: var(--text-muted);"></i>
                    </div>
                    <h3 style="margin-bottom: 0.75rem;">Documentation</h3>
                    <p class="description" style="margin-bottom: 0; font-size: 0.9rem;">Examine technical specifications
                        for supported message types and integration guidelines.</p>
                </div>
            </a>
        </div>
    </div>

    <style>
        .action-card:hover {
            transform: translateY(-5px);
            border-color: var(--primary-color);
            background-color: rgba(255, 255, 255, 0.02);
        }
    </style>
</body>], template might not exist or might not be accessible by any of the configured Template Resolvers (template: "layout" - line 48, col 18)

org.thymeleaf.exceptions.TemplateInputException: Error resolving template [<body th:fragment="content">
    <div class="home-section">
        <div class="welcome-banner"
            style="background: linear-gradient(135deg, var(--card-bg) 0%, #1e3a8a 100%); padding: 3rem; border-radius: var(--radius); border: 1px solid var(--border-color); margin-bottom: 3rem; position: relative; overflow: hidden;">
            <div style="position: relative; z-index: 2;">
                <h2 style="font-size: 2.5rem; margin-bottom: 1rem;">SWIFT Banking Engine</h2>
                <p style="font-size: 1.1rem; color: #cbd5e1; max-width: 600px; line-height: 1.6;">
                    Professional-grade infrastructure for processing MT messages. Ensure precision, security, and
                    compliant message formatting across your financial operations.
                </p>
            </div>
            <i class="fas fa-shield-alt"
                style="position: absolute; right: -20px; bottom: -20px; font-size: 15rem; color: rgba(255,255,255,0.03); z-index: 1;"></i>
        </div>

        <div class="dashboard-grid"
            style="display: grid; grid-template-columns: repeat(auto-fit, minmax(280px, 1fr)); gap: 1.5rem;">
            <a href="/parser" style="text-decoration: none; color: inherit;">
                <div class="card action-card" style="height: 100%; transition: all 0.2s ease;">
                    <div
                        style="background: rgba(59, 130, 246, 0.1); width: 50px; height: 50px; border-radius: 12px; display: flex; align-items: center; justify-content: center; margin-bottom: 1.5rem;">
                        <i class="fas fa-terminal fa-lg" style="color: var(--primary-color);"></i>
                    </div>
                    <h3 style="margin-bottom: 0.75rem;">Message Parser</h3>
                    <p class="description" style="margin-bottom: 0; font-size: 0.9rem;">Deconstruct raw MT message
                        blocks into structured JSON-compatible field maps with real-time syntax checking.</p>
                </div>
            </a>

            <a href="/composer" style="text-decoration: none; color: inherit;">
                <div class="card action-card" style="height: 100%; transition: all 0.2s ease;">
                    <div
                        style="background: rgba(16, 185, 129, 0.1); width: 50px; height: 50px; border-radius: 12px; display: flex; align-items: center; justify-content: center; margin-bottom: 1.5rem;">
                        <i class="fas fa-pen-nib fa-lg" style="color: var(--success-color);"></i>
                    </div>
                    <h3 style="margin-bottom: 0.75rem;">Message Composer</h3>
                    <p class="description" style="margin-bottom: 0; font-size: 0.9rem;">Generate standard-compliant
                        MT940 and MT101 messages using a guided interface optimized for bankers.</p>
                </div>
            </a>

            <a href="/validator" style="text-decoration: none; color: inherit;">
                <div class="card action-card" style="height: 100%; transition: all 0.2s ease;">
                    <div
                        style="background: rgba(14, 165, 233, 0.1); width: 50px; height: 50px; border-radius: 12px; display: flex; align-items: center; justify-content: center; margin-bottom: 1.5rem;">
                        <i class="fas fa-shield-check fa-lg" style="color: var(--info-color);"></i>
                    </div>
                    <h3 style="margin-bottom: 0.75rem;">Validation Engine</h3>
                    <p class="description" style="margin-bottom: 0; font-size: 0.9rem;">High-precision validation for
                        ISO identifiers and SWIFT message blocks ensuring zero-error processing.</p>
                </div>
            </a>

            <a href="/documentation" style="text-decoration: none; color: inherit;">
                <div class="card action-card" style="height: 100%; transition: all 0.2s ease;">
                    <div
                        style="background: rgba(148, 163, 184, 0.1); width: 50px; height: 50px; border-radius: 12px; display: flex; align-items: center; justify-content: center; margin-bottom: 1.5rem;">
                        <i class="fas fa-book fa-lg" style="color: var(--text-muted);"></i>
                    </div>
                    <h3 style="margin-bottom: 0.75rem;">Documentation</h3>
                    <p class="description" style="margin-bottom: 0; font-size: 0.9rem;">Examine technical specifications
                        for supported message types and integration guidelines.</p>
                </div>
            </a>
        </div>
    </div>

    <style>
        .action-card:hover {
            transform: translateY(-5px);
            border-color: var(--primary-color);
            background-color: rgba(255, 255, 255, 0.02);
        }
    </style>
</body>], template might not exist or might not be accessible by any of the configured Template Resolvers (template: "layout" - line 48, col 18)
	at org.thymeleaf.engine.TemplateManager.resolveTemplate(TemplateManager.java:869) ~[thymeleaf-3.1.2.RELEASE.jar!/:3.1.2.RELEASE]
	at org.thymeleaf.engine.TemplateManager.parseStandalone(TemplateManager.java:250) ~[thymeleaf-3.1.2.RELEASE.jar!/:3.1.2.RELEASE]
	at org.thymeleaf.standard.expression.FragmentExpression.resolveExecutedFragmentExpression(FragmentExpression.java:567) ~[thymeleaf-3.1.2.RELEASE.jar!/:3.1.2.RELEASE]
	at org.thymeleaf.standard.processor.AbstractStandardFragmentInsertionTagProcessor.computeFragment(AbstractStandardFragmentInsertionTagProcessor.java:399) ~[thymeleaf-3.1.2.RELEASE.jar!/:3.1.2.RELEASE]
	at org.thymeleaf.standard.processor.AbstractStandardFragmentInsertionTagProcessor.doProcess(AbstractStandardFragmentInsertionTagProcessor.java:115) ~[thymeleaf-3.1.2.RELEASE.jar!/:3.1.2.RELEASE]
	at org.thymeleaf.processor.element.AbstractAttributeTagProcessor.doProcess(AbstractAttributeTagProcessor.java:74) ~[thymeleaf-3.1.2.RELEASE.jar!/:3.1.2.RELEASE]
	at org.thymeleaf.processor.element.AbstractElementTagProcessor.process(AbstractElementTagProcessor.java:95) ~[thymeleaf-3.1.2.RELEASE.jar!/:3.1.2.RELEASE]
	at org.thymeleaf.util.ProcessorConfigurationUtils$ElementTagProcessorWrapper.process(ProcessorConfigurationUtils.java:633) ~[thymeleaf-3.1.2.RELEASE.jar!/:3.1.2.RELEASE]
	at org.thymeleaf.engine.ProcessorTemplateHandler.handleOpenElement(ProcessorTemplateHandler.java:1314) ~[thymeleaf-3.1.2.RELEASE.jar!/:3.1.2.RELEASE]
	at org.thymeleaf.engine.OpenElementTag.beHandled(OpenElementTag.java:205) ~[thymeleaf-3.1.2.RELEASE.jar!/:3.1.2.RELEASE]
	at org.thymeleaf.engine.Model.process(Model.java:282) ~[thymeleaf-3.1.2.RELEASE.jar!/:3.1.2.RELEASE]
	at org.thymeleaf.engine.ProcessorTemplateHandler.handleOpenElement(ProcessorTemplateHandler.java:1587) ~[thymeleaf-3.1.2.RELEASE.jar!/:3.1.2.RELEASE]
	at org.thymeleaf.engine.OpenElementTag.beHandled(OpenElementTag.java:205) ~[thymeleaf-3.1.2.RELEASE.jar!/:3.1.2.RELEASE]
	at org.thymeleaf.engine.TemplateModel.process(TemplateModel.java:136) ~[thymeleaf-3.1.2.RELEASE.jar!/:3.1.2.RELEASE]
	at org.thymeleaf.engine.TemplateManager.parseAndProcess(TemplateManager.java:661) ~[thymeleaf-3.1.2.RELEASE.jar!/:3.1.2.RELEASE]
	at org.thymeleaf.TemplateEngine.process(TemplateEngine.java:1103) ~[thymeleaf-3.1.2.RELEASE.jar!/:3.1.2.RELEASE]
	at org.thymeleaf.TemplateEngine.process(TemplateEngine.java:1077) ~[thymeleaf-3.1.2.RELEASE.jar!/:3.1.2.RELEASE]
	at org.thymeleaf.spring6.view.ThymeleafView.renderFragment(ThymeleafView.java:372) ~[thymeleaf-spring6-3.1.2.RELEASE.jar!/:3.1.2.RELEASE]
	at org.thymeleaf.spring6.view.ThymeleafView.render(ThymeleafView.java:192) ~[thymeleaf-spring6-3.1.2.RELEASE.jar!/:3.1.2.RELEASE]
	at org.springframework.web.servlet.DispatcherServlet.render(DispatcherServlet.java:1431) ~[spring-webmvc-6.1.10.jar!/:6.1.10]
	at org.springframework.web.servlet.DispatcherServlet.processDispatchResult(DispatcherServlet.java:1167) ~[spring-webmvc-6.1.10.jar!/:6.1.10]
	at org.springframework.web.servlet.DispatcherServlet.doDispatch(DispatcherServlet.java:1106) ~[spring-webmvc-6.1.10.jar!/:6.1.10]
	at org.springframework.web.servlet.DispatcherServlet.doService(DispatcherServlet.java:979) ~[spring-webmvc-6.1.10.jar!/:6.1.10]
	at org.springframework.web.servlet.FrameworkServlet.processRequest(FrameworkServlet.java:1014) ~[spring-webmvc-6.1.10.jar!/:6.1.10]
	at org.springframework.web.servlet.FrameworkServlet.doGet(FrameworkServlet.java:903) ~[spring-webmvc-6.1.10.jar!/:6.1.10]
	at jakarta.servlet.http.HttpServlet.service(HttpServlet.java:564) ~[tomcat-embed-core-10.1.25.jar!/:na]
	at org.springframework.web.servlet.FrameworkServlet.service(FrameworkServlet.java:885) ~[spring-webmvc-6.1.10.jar!/:6.1.10]
	at jakarta.servlet.http.HttpServlet.service(HttpServlet.java:658) ~[tomcat-embed-core-10.1.25.jar!/:na]
	at org.apache.catalina.core.ApplicationFilterChain.internalDoFilter(ApplicationFilterChain.java:195) ~[tomcat-embed-core-10.1.25.jar!/:na]
	at org.apache.catalina.core.ApplicationFilterChain.doFilter(ApplicationFilterChain.java:140) ~[tomcat-embed-core-10.1.25.jar!/:na]
	at org.apache.tomcat.websocket.server.WsFilter.doFilter(WsFilter.java:51) ~[tomcat-embed-websocket-10.1.25.jar!/:na]
	at org.apache.catalina.core.ApplicationFilterChain.internalDoFilter(ApplicationFilterChain.java:164) ~[tomcat-embed-core-10.1.25.jar!/:na]
	at org.apache.catalina.core.ApplicationFilterChain.doFilter(ApplicationFilterChain.java:140) ~[tomcat-embed-core-10.1.25.jar!/:na]
	at org.springframework.web.filter.RequestContextFilter.doFilterInternal(RequestContextFilter.java:100) ~[spring-web-6.1.10.jar!/:6.1.10]
	at org.springframework.web.filter.OncePerRequestFilter.doFilter(OncePerRequestFilter.java:116) ~[spring-web-6.1.10.jar!/:6.1.10]
	at org.apache.catalina.core.ApplicationFilterChain.internalDoFilter(ApplicationFilterChain.java:164) ~[tomcat-embed-core-10.1.25.jar!/:na]
	at org.apache.catalina.core.ApplicationFilterChain.doFilter(ApplicationFilterChain.java:140) ~[tomcat-embed-core-10.1.25.jar!/:na]
	at org.springframework.web.filter.FormContentFilter.doFilterInternal(FormContentFilter.java:93) ~[spring-web-6.1.10.jar!/:6.1.10]
	at org.springframework.web.filter.OncePerRequestFilter.doFilter(OncePerRequestFilter.java:116) ~[spring-web-6.1.10.jar!/:6.1.10]
	at org.apache.catalina.core.ApplicationFilterChain.internalDoFilter(ApplicationFilterChain.java:164) ~[tomcat-embed-core-10.1.25.jar!/:na]
	at org.apache.catalina.core.ApplicationFilterChain.doFilter(ApplicationFilterChain.java:140) ~[tomcat-embed-core-10.1.25.jar!/:na]
	at org.springframework.web.filter.CharacterEncodingFilter.doFilterInternal(CharacterEncodingFilter.java:201) ~[spring-web-6.1.10.jar!/:6.1.10]
	at org.springframework.web.filter.OncePerRequestFilter.doFilter(OncePerRequestFilter.java:116) ~[spring-web-6.1.10.jar!/:6.1.10]
	at org.apache.catalina.core.ApplicationFilterChain.internalDoFilter(ApplicationFilterChain.java:164) ~[tomcat-embed-core-10.1.25.jar!/:na]
	at org.apache.catalina.core.ApplicationFilterChain.doFilter(ApplicationFilterChain.java:140) ~[tomcat-embed-core-10.1.25.jar!/:na]
	at org.apache.catalina.core.StandardWrapperValve.invoke(StandardWrapperValve.java:167) ~[tomcat-embed-core-10.1.25.jar!/:na]
	at org.apache.catalina.core.StandardContextValve.invoke(StandardContextValve.java:90) ~[tomcat-embed-core-10.1.25.jar!/:na]
	at org.apache.catalina.authenticator.AuthenticatorBase.invoke(AuthenticatorBase.java:482) ~[tomcat-embed-core-10.1.25.jar!/:na]
	at org.apache.catalina.core.StandardHostValve.invoke(StandardHostValve.java:115) ~[tomcat-embed-core-10.1.25.jar!/:na]
	at org.apache.catalina.valves.ErrorReportValve.invoke(ErrorReportValve.java:93) ~[tomcat-embed-core-10.1.25.jar!/:na]
	at org.apache.catalina.core.StandardEngineValve.invoke(StandardEngineValve.java:74) ~[tomcat-embed-core-10.1.25.jar!/:na]
	at org.apache.catalina.connector.CoyoteAdapter.service(CoyoteAdapter.java:344) ~[tomcat-embed-core-10.1.25.jar!/:na]
	at org.apache.coyote.http11.Http11Processor.service(Http11Processor.java:389) ~[tomcat-embed-core-10.1.25.jar!/:na]
	at org.apache.coyote.AbstractProcessorLight.process(AbstractProcessorLight.java:63) ~[tomcat-embed-core-10.1.25.jar!/:na]
	at org.apache.coyote.AbstractProtocol$ConnectionHandler.process(AbstractProtocol.java:904) ~[tomcat-embed-core-10.1.25.jar!/:na]
	at org.apache.tomcat.util.net.NioEndpoint$SocketProcessor.doRun(NioEndpoint.java:1741) ~[tomcat-embed-core-10.1.25.jar!/:na]
	at org.apache.tomcat.util.net.SocketProcessorBase.run(SocketProcessorBase.java:52) ~[tomcat-embed-core-10.1.25.jar!/:na]
	at org.apache.tomcat.util.threads.ThreadPoolExecutor.runWorker(ThreadPoolExecutor.java:1190) ~[tomcat-embed-core-10.1.25.jar!/:na]
	at org.apache.tomcat.util.threads.ThreadPoolExecutor$Worker.run(ThreadPoolExecutor.java:659) ~[tomcat-embed-core-10.1.25.jar!/:na]
	at org.apache.tomcat.util.threads.TaskThread$WrappingRunnable.run(TaskThread.java:63) ~[tomcat-embed-core-10.1.25.jar!/:na]
	at java.base/java.lang.Thread.run(Thread.java:840) ~[na:na]

2026-01-29T19:54:32.719+01:00 ERROR 88289 --- [nio-8080-exec-1] o.a.c.c.C.[.[.[/].[dispatcherServlet]    : Servlet.service() for servlet [dispatcherServlet] in context with path [] threw exception [Request processing failed: org.thymeleaf.exceptions.TemplateInputException: Error resolving template [<body th:fragment="content">
    <div class="home-section">
        <div class="welcome-banner"
            style="background: linear-gradient(135deg, var(--card-bg) 0%, #1e3a8a 100%); padding: 3rem; border-radius: var(--radius); border: 1px solid var(--border-color); margin-bottom: 3rem; position: relative; overflow: hidden;">
            <div style="position: relative; z-index: 2;">
                <h2 style="font-size: 2.5rem; margin-bottom: 1rem;">SWIFT Banking Engine</h2>
                <p style="font-size: 1.1rem; color: #cbd5e1; max-width: 600px; line-height: 1.6;">
                    Professional-grade infrastructure for processing MT messages. Ensure precision, security, and
                    compliant message formatting across your financial operations.
                </p>
            </div>
            <i class="fas fa-shield-alt"
                style="position: absolute; right: -20px; bottom: -20px; font-size: 15rem; color: rgba(255,255,255,0.03); z-index: 1;"></i>
        </div>

        <div class="dashboard-grid"
            style="display: grid; grid-template-columns: repeat(auto-fit, minmax(280px, 1fr)); gap: 1.5rem;">
            <a href="/parser" style="text-decoration: none; color: inherit;">
                <div class="card action-card" style="height: 100%; transition: all 0.2s ease;">
                    <div
                        style="background: rgba(59, 130, 246, 0.1); width: 50px; height: 50px; border-radius: 12px; display: flex; align-items: center; justify-content: center; margin-bottom: 1.5rem;">
                        <i class="fas fa-terminal fa-lg" style="color: var(--primary-color);"></i>
                    </div>
                    <h3 style="margin-bottom: 0.75rem;">Message Parser</h3>
                    <p class="description" style="margin-bottom: 0; font-size: 0.9rem;">Deconstruct raw MT message
                        blocks into structured JSON-compatible field maps with real-time syntax checking.</p>
                </div>
            </a>

            <a href="/composer" style="text-decoration: none; color: inherit;">
                <div class="card action-card" style="height: 100%; transition: all 0.2s ease;">
                    <div
                        style="background: rgba(16, 185, 129, 0.1); width: 50px; height: 50px; border-radius: 12px; display: flex; align-items: center; justify-content: center; margin-bottom: 1.5rem;">
                        <i class="fas fa-pen-nib fa-lg" style="color: var(--success-color);"></i>
                    </div>
                    <h3 style="margin-bottom: 0.75rem;">Message Composer</h3>
                    <p class="description" style="margin-bottom: 0; font-size: 0.9rem;">Generate standard-compliant
                        MT940 and MT101 messages using a guided interface optimized for bankers.</p>
                </div>
            </a>

            <a href="/validator" style="text-decoration: none; color: inherit;">
                <div class="card action-card" style="height: 100%; transition: all 0.2s ease;">
                    <div
                        style="background: rgba(14, 165, 233, 0.1); width: 50px; height: 50px; border-radius: 12px; display: flex; align-items: center; justify-content: center; margin-bottom: 1.5rem;">
                        <i class="fas fa-shield-check fa-lg" style="color: var(--info-color);"></i>
                    </div>
                    <h3 style="margin-bottom: 0.75rem;">Validation Engine</h3>
                    <p class="description" style="margin-bottom: 0; font-size: 0.9rem;">High-precision validation for
                        ISO identifiers and SWIFT message blocks ensuring zero-error processing.</p>
                </div>
            </a>

            <a href="/documentation" style="text-decoration: none; color: inherit;">
                <div class="card action-card" style="height: 100%; transition: all 0.2s ease;">
                    <div
                        style="background: rgba(148, 163, 184, 0.1); width: 50px; height: 50px; border-radius: 12px; display: flex; align-items: center; justify-content: center; margin-bottom: 1.5rem;">
                        <i class="fas fa-book fa-lg" style="color: var(--text-muted);"></i>
                    </div>
                    <h3 style="margin-bottom: 0.75rem;">Documentation</h3>
                    <p class="description" style="margin-bottom: 0; font-size: 0.9rem;">Examine technical specifications
                        for supported message types and integration guidelines.</p>
                </div>
            </a>
        </div>
    </div>

    <style>
        .action-card:hover {
            transform: translateY(-5px);
            border-color: var(--primary-color);
            background-color: rgba(255, 255, 255, 0.02);
        }
    </style>
</body>], template might not exist or might not be accessible by any of the configured Template Resolvers (template: "layout" - line 48, col 18)] with root cause

org.thymeleaf.exceptions.TemplateInputException: Error resolving template [<body th:fragment="content">
    <div class="home-section">
        <div class="welcome-banner"
            style="background: linear-gradient(135deg, var(--card-bg) 0%, #1e3a8a 100%); padding: 3rem; border-radius: var(--radius); border: 1px solid var(--border-color); margin-bottom: 3rem; position: relative; overflow: hidden;">
            <div style="position: relative; z-index: 2;">
                <h2 style="font-size: 2.5rem; margin-bottom: 1rem;">SWIFT Banking Engine</h2>
                <p style="font-size: 1.1rem; color: #cbd5e1; max-width: 600px; line-height: 1.6;">
                    Professional-grade infrastructure for processing MT messages. Ensure precision, security, and
                    compliant message formatting across your financial operations.
                </p>
            </div>
            <i class="fas fa-shield-alt"
                style="position: absolute; right: -20px; bottom: -20px; font-size: 15rem; color: rgba(255,255,255,0.03); z-index: 1;"></i>
        </div>

        <div class="dashboard-grid"
            style="display: grid; grid-template-columns: repeat(auto-fit, minmax(280px, 1fr)); gap: 1.5rem;">
            <a href="/parser" style="text-decoration: none; color: inherit;">
                <div class="card action-card" style="height: 100%; transition: all 0.2s ease;">
                    <div
                        style="background: rgba(59, 130, 246, 0.1); width: 50px; height: 50px; border-radius: 12px; display: flex; align-items: center; justify-content: center; margin-bottom: 1.5rem;">
                        <i class="fas fa-terminal fa-lg" style="color: var(--primary-color);"></i>
                    </div>
                    <h3 style="margin-bottom: 0.75rem;">Message Parser</h3>
                    <p class="description" style="margin-bottom: 0; font-size: 0.9rem;">Deconstruct raw MT message
                        blocks into structured JSON-compatible field maps with real-time syntax checking.</p>
                </div>
            </a>

            <a href="/composer" style="text-decoration: none; color: inherit;">
                <div class="card action-card" style="height: 100%; transition: all 0.2s ease;">
                    <div
                        style="background: rgba(16, 185, 129, 0.1); width: 50px; height: 50px; border-radius: 12px; display: flex; align-items: center; justify-content: center; margin-bottom: 1.5rem;">
                        <i class="fas fa-pen-nib fa-lg" style="color: var(--success-color);"></i>
                    </div>
                    <h3 style="margin-bottom: 0.75rem;">Message Composer</h3>
                    <p class="description" style="margin-bottom: 0; font-size: 0.9rem;">Generate standard-compliant
                        MT940 and MT101 messages using a guided interface optimized for bankers.</p>
                </div>
            </a>

            <a href="/validator" style="text-decoration: none; color: inherit;">
                <div class="card action-card" style="height: 100%; transition: all 0.2s ease;">
                    <div
                        style="background: rgba(14, 165, 233, 0.1); width: 50px; height: 50px; border-radius: 12px; display: flex; align-items: center; justify-content: center; margin-bottom: 1.5rem;">
                        <i class="fas fa-shield-check fa-lg" style="color: var(--info-color);"></i>
                    </div>
                    <h3 style="margin-bottom: 0.75rem;">Validation Engine</h3>
                    <p class="description" style="margin-bottom: 0; font-size: 0.9rem;">High-precision validation for
                        ISO identifiers and SWIFT message blocks ensuring zero-error processing.</p>
                </div>
            </a>

            <a href="/documentation" style="text-decoration: none; color: inherit;">
                <div class="card action-card" style="height: 100%; transition: all 0.2s ease;">
                    <div
                        style="background: rgba(148, 163, 184, 0.1); width: 50px; height: 50px; border-radius: 12px; display: flex; align-items: center; justify-content: center; margin-bottom: 1.5rem;">
                        <i class="fas fa-book fa-lg" style="color: var(--text-muted);"></i>
                    </div>
                    <h3 style="margin-bottom: 0.75rem;">Documentation</h3>
                    <p class="description" style="margin-bottom: 0; font-size: 0.9rem;">Examine technical specifications
                        for supported message types and integration guidelines.</p>
                </div>
            </a>
        </div>
    </div>

    <style>
        .action-card:hover {
            transform: translateY(-5px);
            border-color: var(--primary-color);
            background-color: rgba(255, 255, 255, 0.02);
        }
    </style>
</body>], template might not exist or might not be accessible by any of the configured Template Resolvers (template: "layout" - line 48, col 18)
	at org.thymeleaf.engine.TemplateManager.resolveTemplate(TemplateManager.java:869) ~[thymeleaf-3.1.2.RELEASE.jar!/:3.1.2.RELEASE]
	at org.thymeleaf.engine.TemplateManager.parseStandalone(TemplateManager.java:250) ~[thymeleaf-3.1.2.RELEASE.jar!/:3.1.2.RELEASE]
	at org.thymeleaf.standard.expression.FragmentExpression.resolveExecutedFragmentExpression(FragmentExpression.java:567) ~[thymeleaf-3.1.2.RELEASE.jar!/:3.1.2.RELEASE]
	at org.thymeleaf.standard.processor.AbstractStandardFragmentInsertionTagProcessor.computeFragment(AbstractStandardFragmentInsertionTagProcessor.java:399) ~[thymeleaf-3.1.2.RELEASE.jar!/:3.1.2.RELEASE]
	at org.thymeleaf.standard.processor.AbstractStandardFragmentInsertionTagProcessor.doProcess(AbstractStandardFragmentInsertionTagProcessor.java:115) ~[thymeleaf-3.1.2.RELEASE.jar!/:3.1.2.RELEASE]
	at org.thymeleaf.processor.element.AbstractAttributeTagProcessor.doProcess(AbstractAttributeTagProcessor.java:74) ~[thymeleaf-3.1.2.RELEASE.jar!/:3.1.2.RELEASE]
	at org.thymeleaf.processor.element.AbstractElementTagProcessor.process(AbstractElementTagProcessor.java:95) ~[thymeleaf-3.1.2.RELEASE.jar!/:3.1.2.RELEASE]
	at org.thymeleaf.util.ProcessorConfigurationUtils$ElementTagProcessorWrapper.process(ProcessorConfigurationUtils.java:633) ~[thymeleaf-3.1.2.RELEASE.jar!/:3.1.2.RELEASE]
	at org.thymeleaf.engine.ProcessorTemplateHandler.handleOpenElement(ProcessorTemplateHandler.java:1314) ~[thymeleaf-3.1.2.RELEASE.jar!/:3.1.2.RELEASE]
	at org.thymeleaf.engine.OpenElementTag.beHandled(OpenElementTag.java:205) ~[thymeleaf-3.1.2.RELEASE.jar!/:3.1.2.RELEASE]
	at org.thymeleaf.engine.Model.process(Model.java:282) ~[thymeleaf-3.1.2.RELEASE.jar!/:3.1.2.RELEASE]
	at org.thymeleaf.engine.ProcessorTemplateHandler.handleOpenElement(ProcessorTemplateHandler.java:1587) ~[thymeleaf-3.1.2.RELEASE.jar!/:3.1.2.RELEASE]
	at org.thymeleaf.engine.OpenElementTag.beHandled(OpenElementTag.java:205) ~[thymeleaf-3.1.2.RELEASE.jar!/:3.1.2.RELEASE]
	at org.thymeleaf.engine.TemplateModel.process(TemplateModel.java:136) ~[thymeleaf-3.1.2.RELEASE.jar!/:3.1.2.RELEASE]
	at org.thymeleaf.engine.TemplateManager.parseAndProcess(TemplateManager.java:661) ~[thymeleaf-3.1.2.RELEASE.jar!/:3.1.2.RELEASE]
	at org.thymeleaf.TemplateEngine.process(TemplateEngine.java:1103) ~[thymeleaf-3.1.2.RELEASE.jar!/:3.1.2.RELEASE]
	at org.thymeleaf.TemplateEngine.process(TemplateEngine.java:1077) ~[thymeleaf-3.1.2.RELEASE.jar!/:3.1.2.RELEASE]
	at org.thymeleaf.spring6.view.ThymeleafView.renderFragment(ThymeleafView.java:372) ~[thymeleaf-spring6-3.1.2.RELEASE.jar!/:3.1.2.RELEASE]
	at org.thymeleaf.spring6.view.ThymeleafView.render(ThymeleafView.java:192) ~[thymeleaf-spring6-3.1.2.RELEASE.jar!/:3.1.2.RELEASE]
	at org.springframework.web.servlet.DispatcherServlet.render(DispatcherServlet.java:1431) ~[spring-webmvc-6.1.10.jar!/:6.1.10]
	at org.springframework.web.servlet.DispatcherServlet.processDispatchResult(DispatcherServlet.java:1167) ~[spring-webmvc-6.1.10.jar!/:6.1.10]
	at org.springframework.web.servlet.DispatcherServlet.doDispatch(DispatcherServlet.java:1106) ~[spring-webmvc-6.1.10.jar!/:6.1.10]
	at org.springframework.web.servlet.DispatcherServlet.doService(DispatcherServlet.java:979) ~[spring-webmvc-6.1.10.jar!/:6.1.10]
	at org.springframework.web.servlet.FrameworkServlet.processRequest(FrameworkServlet.java:1014) ~[spring-webmvc-6.1.10.jar!/:6.1.10]
	at org.springframework.web.servlet.FrameworkServlet.doGet(FrameworkServlet.java:903) ~[spring-webmvc-6.1.10.jar!/:6.1.10]
	at jakarta.servlet.http.HttpServlet.service(HttpServlet.java:564) ~[tomcat-embed-core-10.1.25.jar!/:na]
	at org.springframework.web.servlet.FrameworkServlet.service(FrameworkServlet.java:885) ~[spring-webmvc-6.1.10.jar!/:6.1.10]
	at jakarta.servlet.http.HttpServlet.service(HttpServlet.java:658) ~[tomcat-embed-core-10.1.25.jar!/:na]
	at org.apache.catalina.core.ApplicationFilterChain.internalDoFilter(ApplicationFilterChain.java:195) ~[tomcat-embed-core-10.1.25.jar!/:na]
	at org.apache.catalina.core.ApplicationFilterChain.doFilter(ApplicationFilterChain.java:140) ~[tomcat-embed-core-10.1.25.jar!/:na]
	at org.apache.tomcat.websocket.server.WsFilter.doFilter(WsFilter.java:51) ~[tomcat-embed-websocket-10.1.25.jar!/:na]
	at org.apache.catalina.core.ApplicationFilterChain.internalDoFilter(ApplicationFilterChain.java:164) ~[tomcat-embed-core-10.1.25.jar!/:na]
	at org.apache.catalina.core.ApplicationFilterChain.doFilter(ApplicationFilterChain.java:140) ~[tomcat-embed-core-10.1.25.jar!/:na]
	at org.springframework.web.filter.RequestContextFilter.doFilterInternal(RequestContextFilter.java:100) ~[spring-web-6.1.10.jar!/:6.1.10]
	at org.springframework.web.filter.OncePerRequestFilter.doFilter(OncePerRequestFilter.java:116) ~[spring-web-6.1.10.jar!/:6.1.10]
	at org.apache.catalina.core.ApplicationFilterChain.internalDoFilter(ApplicationFilterChain.java:164) ~[tomcat-embed-core-10.1.25.jar!/:na]
	at org.apache.catalina.core.ApplicationFilterChain.doFilter(ApplicationFilterChain.java:140) ~[tomcat-embed-core-10.1.25.jar!/:na]
	at org.springframework.web.filter.FormContentFilter.doFilterInternal(FormContentFilter.java:93) ~[spring-web-6.1.10.jar!/:6.1.10]
	at org.springframework.web.filter.OncePerRequestFilter.doFilter(OncePerRequestFilter.java:116) ~[spring-web-6.1.10.jar!/:6.1.10]
	at org.apache.catalina.core.ApplicationFilterChain.internalDoFilter(ApplicationFilterChain.java:164) ~[tomcat-embed-core-10.1.25.jar!/:na]
	at org.apache.catalina.core.ApplicationFilterChain.doFilter(ApplicationFilterChain.java:140) ~[tomcat-embed-core-10.1.25.jar!/:na]
	at org.springframework.web.filter.CharacterEncodingFilter.doFilterInternal(CharacterEncodingFilter.java:201) ~[spring-web-6.1.10.jar!/:6.1.10]
	at org.springframework.web.filter.OncePerRequestFilter.doFilter(OncePerRequestFilter.java:116) ~[spring-web-6.1.10.jar!/:6.1.10]
	at org.apache.catalina.core.ApplicationFilterChain.internalDoFilter(ApplicationFilterChain.java:164) ~[tomcat-embed-core-10.1.25.jar!/:na]
	at org.apache.catalina.core.ApplicationFilterChain.doFilter(ApplicationFilterChain.java:140) ~[tomcat-embed-core-10.1.25.jar!/:na]
	at org.apache.catalina.core.StandardWrapperValve.invoke(StandardWrapperValve.java:167) ~[tomcat-embed-core-10.1.25.jar!/:na]
	at org.apache.catalina.core.StandardContextValve.invoke(StandardContextValve.java:90) ~[tomcat-embed-core-10.1.25.jar!/:na]
	at org.apache.catalina.authenticator.AuthenticatorBase.invoke(AuthenticatorBase.java:482) ~[tomcat-embed-core-10.1.25.jar!/:na]
	at org.apache.catalina.core.StandardHostValve.invoke(StandardHostValve.java:115) ~[tomcat-embed-core-10.1.25.jar!/:na]
	at org.apache.catalina.valves.ErrorReportValve.invoke(ErrorReportValve.java:93) ~[tomcat-embed-core-10.1.25.jar!/:na]
	at org.apache.catalina.core.StandardEngineValve.invoke(StandardEngineValve.java:74) ~[tomcat-embed-core-10.1.25.jar!/:na]
	at org.apache.catalina.connector.CoyoteAdapter.service(CoyoteAdapter.java:344) ~[tomcat-embed-core-10.1.25.jar!/:na]
	at org.apache.coyote.http11.Http11Processor.service(Http11Processor.java:389) ~[tomcat-embed-core-10.1.25.jar!/:na]
	at org.apache.coyote.AbstractProcessorLight.process(AbstractProcessorLight.java:63) ~[tomcat-embed-core-10.1.25.jar!/:na]
	at org.apache.coyote.AbstractProtocol$ConnectionHandler.process(AbstractProtocol.java:904) ~[tomcat-embed-core-10.1.25.jar!/:na]
	at org.apache.tomcat.util.net.NioEndpoint$SocketProcessor.doRun(NioEndpoint.java:1741) ~[tomcat-embed-core-10.1.25.jar!/:na]
	at org.apache.tomcat.util.net.SocketProcessorBase.run(SocketProcessorBase.java:52) ~[tomcat-embed-core-10.1.25.jar!/:na]
	at org.apache.tomcat.util.threads.ThreadPoolExecutor.runWorker(ThreadPoolExecutor.java:1190) ~[tomcat-embed-core-10.1.25.jar!/:na]
	at org.apache.tomcat.util.threads.ThreadPoolExecutor$Worker.run(ThreadPoolExecutor.java:659) ~[tomcat-embed-core-10.1.25.jar!/:na]
	at org.apache.tomcat.util.threads.TaskThread$WrappingRunnable.run(TaskThread.java:63) ~[tomcat-embed-core-10.1.25.jar!/:na]
	at java.base/java.lang.Thread.run(Thread.java:840) ~[na:na]

